<?xml version="1.0" encoding="UTF-8"?>
<!-- Generated by org.testng.reporters.JUnitReportReporter -->
<testsuite hostname="LAPTOP-3SK9Q0MF" failures="0" tests="1" name="com.seneca.demo.alertdemo" time="7.045" errors="0" timestamp="2022-08-09T13:25:11 IST" skipped="0">
  <testcase classname="com.seneca.demo.alertdemo" name="createAccount" time="7.045"/>
  <system-out/>
</testsuite> <!-- com.seneca.demo.alertdemo -->
