<?xml version="1.0" encoding="UTF-8"?>
<!-- Generated by org.testng.reporters.JUnitReportReporter -->
<testsuite hostname="LAPTOP-3SK9Q0MF" failures="0" tests="1" name="com.seneca.demo.windowdemo" time="15.162" errors="0" timestamp="2022-08-08T20:02:43 IST" skipped="0">
  <testcase classname="com.seneca.demo.windowdemo" name="createAccount" time="15.162"/>
  <system-out/>
</testsuite> <!-- com.seneca.demo.windowdemo -->
