<?xml version="1.0" encoding="UTF-8"?>
<!-- Generated by org.testng.reporters.JUnitReportReporter -->
<testsuite hostname="LAPTOP-3SK9Q0MF" failures="0" tests="1" name="com.seneca.demo.draganddropDemo" time="3.766" errors="0" timestamp="2022-08-09T14:20:08 IST" skipped="0">
  <testcase classname="com.seneca.demo.draganddropDemo" name="framesDemo" time="3.766"/>
  <system-out/>
</testsuite> <!-- com.seneca.demo.draganddropDemo -->
