<?xml version="1.0" encoding="UTF-8"?>
<!-- Generated by org.testng.reporters.JUnitReportReporter -->
<testsuite hostname="LAPTOP-3SK9Q0MF" failures="0" tests="1" name="com.seneca.demo.FileUploaddemo" time="3.714" errors="0" timestamp="2022-08-09T14:38:04 IST" skipped="0">
  <testcase classname="com.seneca.demo.FileUploaddemo" name="framesDemo" time="3.714"/>
  <system-out/>
</testsuite> <!-- com.seneca.demo.FileUploaddemo -->
