<?xml version="1.0" encoding="UTF-8"?>
<!-- Generated by org.testng.reporters.JUnitReportReporter -->
<testsuite hostname="LAPTOP-3SK9Q0MF" failures="0" tests="1" name="com.seneca.demo.createaccount" time="8.460" errors="0" timestamp="2022-08-08T17:41:08 IST" skipped="0">
  <testcase classname="com.seneca.demo.createaccount" name="createAccount" time="8.460"/>
  <system-out/>
</testsuite> <!-- com.seneca.demo.createaccount -->
